Exhaustive Animation Assets Property Test
Started: 2026-01-04 16:29:04
================================================================================

Log: C:\UnrealProjects\coding\unreal\motion_system\root-motion-matching-poc\exhaustive_test_20260104_162904.log

================================================================================
EXHAUSTIVE ANIMATION ASSETS PROPERTY TEST
================================================================================

✓ Database loaded

✓ Test animation loaded

================================================================================
TEST 1: All Property Name Variations
================================================================================
  ✗ animation_assets: PoseSearchDatabase: Failed to find property 'animation_assets' for attribute 'an
  ✗ AnimationAssets: PoseSearchDatabase: Property 'AnimationAssets' for attribute 'AnimationAssets' o
  ✗ ANIMATION_ASSETS: PoseSearchDatabase: Failed to find property 'ANIMATION_ASSETS' for attribute 'AN
  ✗ sequences: PoseSearchDatabase: Failed to find property 'sequences' for attribute 'sequences
  ✗ Sequences: PoseSearchDatabase: Failed to find property 'Sequences' for attribute 'Sequences
  ✗ simple_sequences: PoseSearchDatabase: Failed to find property 'simple_sequences' for attribute 'si
  ✗ SimpleSequences: PoseSearchDatabase: Failed to find property 'SimpleSequences' for attribute 'Sim
  ✗ anim_assets: PoseSearchDatabase: Failed to find property 'anim_assets' for attribute 'anim_as
  ✗ AnimAssets: PoseSearchDatabase: Failed to find property 'AnimAssets' for attribute 'AnimAsse
  ✗ animation_sequences: PoseSearchDatabase: Failed to find property 'animation_sequences' for attribute 
  ✗ AnimationSequences: PoseSearchDatabase: Failed to find property 'AnimationSequences' for attribute '
  ✗ database_sequences: PoseSearchDatabase: Failed to find property 'database_sequences' for attribute '
  ✗ DatabaseSequences: PoseSearchDatabase: Failed to find property 'DatabaseSequences' for attribute 'D
  ✗ _animation_assets: PoseSearchDatabase: Failed to find property '_animation_assets' for attribute '_
  ✗ m_animation_assets: PoseSearchDatabase: Failed to find property 'm_animation_assets' for attribute '
  ✗ AnimationAssetsInternal: PoseSearchDatabase: Failed to find property 'AnimationAssetsInternal' for attrib

================================================================================
TEST 2: All Access Methods
================================================================================

--- Method: get_editor_property ---
  ✗ get_editor_property('animation_assets'): PoseSearchDatabase: Failed to find property 'animation_asset
  ✗ get_editor_property('sequences'): PoseSearchDatabase: Failed to find property 'sequences' for 
  ✗ get_editor_property('simple_sequences'): PoseSearchDatabase: Failed to find property 'simple_sequence

--- Method: getattr ---
  ✗ getattr('animation_assets'): 'PoseSearchDatabase' object has no attribute 'animation_asse
  ✗ getattr('sequences'): 'PoseSearchDatabase' object has no attribute 'sequences'
  ✗ getattr('simple_sequences'): 'PoseSearchDatabase' object has no attribute 'simple_sequenc

--- Method: __dict__ ---
  ✗ __dict__('animation_assets'): 'PoseSearchDatabase' object has no attribute '__dict__'
  ✗ __dict__('sequences'): 'PoseSearchDatabase' object has no attribute '__dict__'
  ✗ __dict__('simple_sequences'): 'PoseSearchDatabase' object has no attribute '__dict__'

--- Method: get ---
  ✓ get('animation_assets') = NoneType
  ✓ get('sequences') = NoneType
  ✓ get('simple_sequences') = NoneType

================================================================================
TEST 3: Direct Attribute Access
================================================================================

All attributes (30):

Animation-related attributes (2):

================================================================================
TEST 4: All Set/Add Methods
================================================================================

--- Test 4.1: set_editor_property variations ---
  ✗ set_editor_property('animation_assets', Empty list): PoseSearchDatabase: Failed to find property 'animation_asset
  ✗ set_editor_property('sequences', Empty list): PoseSearchDatabase: Failed to find property 'sequences' for 
  ✗ set_editor_property('simple_sequences', Empty list): PoseSearchDatabase: Failed to find property 'simple_sequence
  ✗ set_editor_property('animation_assets', List with PoseSearchDatabaseSequence): PoseSearchDatabase: Failed to find property 'animation_asset
  ✗ set_editor_property('sequences', List with PoseSearchDatabaseSequence): PoseSearchDatabase: Failed to find property 'sequences' for 
  ✗ set_editor_property('simple_sequences', List with PoseSearchDatabaseSequence): PoseSearchDatabase: Failed to find property 'simple_sequence
  ✗ set_editor_property('animation_assets', Tuple with PoseSearchDatabaseSequence): PoseSearchDatabase: Failed to find property 'animation_asset
  ✗ set_editor_property('sequences', Tuple with PoseSearchDatabaseSequence): PoseSearchDatabase: Failed to find property 'sequences' for 
  ✗ set_editor_property('simple_sequences', Tuple with PoseSearchDatabaseSequence): PoseSearchDatabase: Failed to find property 'simple_sequence
  ✗ set_editor_property('animation_assets', Single PoseSearchDatabaseSequence): PoseSearchDatabase: Failed to find property 'animation_asset
  ✗ set_editor_property('sequences', Single PoseSearchDatabaseSequence): PoseSearchDatabase: Failed to find property 'sequences' for 
  ✗ set_editor_property('simple_sequences', Single PoseSearchDatabaseSequence): PoseSearchDatabase: Failed to find property 'simple_sequence
  ✗ set_editor_property('animation_assets', List with AnimSequence): PoseSearchDatabase: Failed to find property 'animation_asset
  ✗ set_editor_property('sequences', List with AnimSequence): PoseSearchDatabase: Failed to find property 'sequences' for 
  ✗ set_editor_property('simple_sequences', List with AnimSequence): PoseSearchDatabase: Failed to find property 'simple_sequence

--- Test 4.2: set_editor_properties (plural) ---
  ✗ set_editor_properties({'animation_assets': ...}): PoseSearchDatabase: Failed to find property 'animation_asset
  ✗ set_editor_properties({'sequences': ...}): PoseSearchDatabase: Failed to find property 'sequences' for 
  ✗ set_editor_properties({'simple_sequences': ...}): PoseSearchDatabase: Failed to find property 'simple_sequence

--- Test 4.3: Direct attribute assignment ---
  ✗ setattr(database, 'animation_assets', ...): 'PoseSearchDatabase' object has no attribute 'animation_asse
  ✗ setattr(database, 'sequences', ...): 'PoseSearchDatabase' object has no attribute 'sequences'
  ✗ setattr(database, 'simple_sequences', ...): 'PoseSearchDatabase' object has no attribute 'simple_sequenc

================================================================================
TEST 5: call_method Variations
================================================================================
  ✗ call_method('AddAnimationAsset', PoseSearchDatabaseSequence): PoseSearchDatabase: 'args' (PoseSearchDatabaseSequence) must
  ✗ call_method('AddAnimationAsset', AnimSequence): PoseSearchDatabase: 'args' (AnimSequence) must be 'tuple'
  ✗ call_method('AddAnimationAsset', PoseSearchDatabaseSequence, index): PoseSearchDatabase: 'args' (PoseSearchDatabaseSequence) must
  ✗ call_method('AddAnimationAsset', AnimSequence, index): PoseSearchDatabase: 'args' (AnimSequence) must be 'tuple'
  ✗ call_method('AddAnimation', PoseSearchDatabaseSequence): PoseSearchDatabase: 'args' (PoseSearchDatabaseSequence) must
  ✗ call_method('AddAnimation', AnimSequence): PoseSearchDatabase: 'args' (AnimSequence) must be 'tuple'
  ✗ call_method('AddAnimation', PoseSearchDatabaseSequence, index): PoseSearchDatabase: 'args' (PoseSearchDatabaseSequence) must
  ✗ call_method('AddAnimation', AnimSequence, index): PoseSearchDatabase: 'args' (AnimSequence) must be 'tuple'
  ✗ call_method('AddSequence', PoseSearchDatabaseSequence): PoseSearchDatabase: 'args' (PoseSearchDatabaseSequence) must
  ✗ call_method('AddSequence', AnimSequence): PoseSearchDatabase: 'args' (AnimSequence) must be 'tuple'
  ✗ call_method('AddSequence', PoseSearchDatabaseSequence, index): PoseSearchDatabase: 'args' (PoseSearchDatabaseSequence) must
  ✗ call_method('AddSequence', AnimSequence, index): PoseSearchDatabase: 'args' (AnimSequence) must be 'tuple'
  ✗ call_method('AddAnimSequence', PoseSearchDatabaseSequence): PoseSearchDatabase: 'args' (PoseSearchDatabaseSequence) must
  ✗ call_method('AddAnimSequence', AnimSequence): PoseSearchDatabase: 'args' (AnimSequence) must be 'tuple'
  ✗ call_method('AddAnimSequence', PoseSearchDatabaseSequence, index): PoseSearchDatabase: 'args' (PoseSearchDatabaseSequence) must
  ✗ call_method('AddAnimSequence', AnimSequence, index): PoseSearchDatabase: 'args' (AnimSequence) must be 'tuple'
  ✗ call_method('AppendAnimation', PoseSearchDatabaseSequence): PoseSearchDatabase: 'args' (PoseSearchDatabaseSequence) must
  ✗ call_method('AppendAnimation', AnimSequence): PoseSearchDatabase: 'args' (AnimSequence) must be 'tuple'
  ✗ call_method('AppendAnimation', PoseSearchDatabaseSequence, index): PoseSearchDatabase: 'args' (PoseSearchDatabaseSequence) must
  ✗ call_method('AppendAnimation', AnimSequence, index): PoseSearchDatabase: 'args' (AnimSequence) must be 'tuple'
  ✗ call_method('InsertAnimation', PoseSearchDatabaseSequence): PoseSearchDatabase: 'args' (PoseSearchDatabaseSequence) must
  ✗ call_method('InsertAnimation', AnimSequence): PoseSearchDatabase: 'args' (AnimSequence) must be 'tuple'
  ✗ call_method('InsertAnimation', PoseSearchDatabaseSequence, index): PoseSearchDatabase: 'args' (PoseSearchDatabaseSequence) must
  ✗ call_method('InsertAnimation', AnimSequence, index): PoseSearchDatabase: 'args' (AnimSequence) must be 'tuple'
  ✗ call_method('PushAnimation', PoseSearchDatabaseSequence): PoseSearchDatabase: 'args' (PoseSearchDatabaseSequence) must
  ✗ call_method('PushAnimation', AnimSequence): PoseSearchDatabase: 'args' (AnimSequence) must be 'tuple'
  ✗ call_method('PushAnimation', PoseSearchDatabaseSequence, index): PoseSearchDatabase: 'args' (PoseSearchDatabaseSequence) must
  ✗ call_method('PushAnimation', AnimSequence, index): PoseSearchDatabase: 'args' (AnimSequence) must be 'tuple'
  ✗ call_method('add_animation_asset', PoseSearchDatabaseSequence): PoseSearchDatabase: 'args' (PoseSearchDatabaseSequence) must
  ✗ call_method('add_animation_asset', AnimSequence): PoseSearchDatabase: 'args' (AnimSequence) must be 'tuple'
  ✗ call_method('add_animation_asset', PoseSearchDatabaseSequence, index): PoseSearchDatabase: 'args' (PoseSearchDatabaseSequence) must
  ✗ call_method('add_animation_asset', AnimSequence, index): PoseSearchDatabase: 'args' (AnimSequence) must be 'tuple'
  ✗ call_method('add_animation', PoseSearchDatabaseSequence): PoseSearchDatabase: 'args' (PoseSearchDatabaseSequence) must
  ✗ call_method('add_animation', AnimSequence): PoseSearchDatabase: 'args' (AnimSequence) must be 'tuple'
  ✗ call_method('add_animation', PoseSearchDatabaseSequence, index): PoseSearchDatabase: 'args' (PoseSearchDatabaseSequence) must
  ✗ call_method('add_animation', AnimSequence, index): PoseSearchDatabase: 'args' (AnimSequence) must be 'tuple'
  ✗ call_method('add_sequence', PoseSearchDatabaseSequence): PoseSearchDatabase: 'args' (PoseSearchDatabaseSequence) must
  ✗ call_method('add_sequence', AnimSequence): PoseSearchDatabase: 'args' (AnimSequence) must be 'tuple'
  ✗ call_method('add_sequence', PoseSearchDatabaseSequence, index): PoseSearchDatabase: 'args' (PoseSearchDatabaseSequence) must
  ✗ call_method('add_sequence', AnimSequence, index): PoseSearchDatabase: 'args' (AnimSequence) must be 'tuple'

================================================================================
TEST 6: modify() + set Combinations
================================================================================
  ✓ Called modify()
  ✗ modify() + set_editor_property('animation_assets'): PoseSearchDatabase: Failed to find property 'animation_asset
  ✗ modify() + set_editor_property('sequences'): PoseSearchDatabase: Failed to find property 'sequences' for 
  ✗ modify() + set_editor_property('simple_sequences'): PoseSearchDatabase: Failed to find property 'simple_sequence

================================================================================
TEST 7: InstancedStruct Variations
================================================================================
  ✓ Created InstancedStruct
  ✗ set_editor_property('value', ...): InstancedStruct: Failed to find property 'value' for attribu
  ✗ setattr(..., 'value', ...): 'InstancedStruct' object has no attribute 'value'
  ✗ set_editor_property('struct_value', ...): InstancedStruct: Failed to find property 'struct_value' for 
  ✗ set_editor_property('data', ...): InstancedStruct: Failed to find property 'data' for attribut

================================================================================
TEST COMPLETE
================================================================================
Result: FAILED - No working method found

Log file: C:\UnrealProjects\coding\unreal\motion_system\root-motion-matching-poc\exhaustive_test_20260104_162904.log

Final result: FAILED
